<?xml version="1.0" encoding="UTF-8"?>
<robot generator="Robot 7.2.2 (Python 3.13.2 on win32)" generated="2025-07-31T20:31:39.499514" rpa="false" schemaversion="5">
<suite id="s1" name="Teste" source="C:\Users\cippa\OneDrive\Área de Trabalho\robot\robot-framework-front\keywords\ChangeTheme\teste.robot">
<test id="s1-t1" name="Muda Tema Para Escuro Via ADB" line="44">
<kw name="Setup Test Environment" type="SETUP">
<kw name="Open Application" owner="AppiumLibrary">
<arg>${APPIUM_URL}</arg>
<arg>platformName=${PLATFORM_NAME}</arg>
<arg>deviceName=${DEVICE_NAME}</arg>
<arg>udid=${UDID}</arg>
<arg>automationName=${AUTOMATION_NAME}</arg>
<arg>appPackage=${APP_PACKAGE}</arg>
<arg>appActivity=${APP_ACTIVITY}</arg>
<arg>noReset=true</arg>
<doc>Opens a new application to given Appium server.
Capabilities of appium server, Android and iOS,
Please check https://appium.io/docs/en/2.1/cli/args/
| *Option*            | *Man.* | *Description*     |
| remote_url          | Yes    | Appium server url |
| alias               | no     | alias             |
| strict_ssl          | No     | allows you to send commands to an invalid certificate host like a self-signed one. |</doc>
<status status="PASS" start="2025-07-31T20:31:39.857152" elapsed="10.442852"/>
</kw>
<kw name="Set Device UDID" owner="ChangeTheme">
<msg time="2025-07-31T20:31:50.300575" level="INFO">UDID definido para: a83af8e7</msg>
<arg>${UDID}</arg>
<doc>Define o UDID do dispositivo dinamicamente</doc>
<status status="PASS" start="2025-07-31T20:31:50.300317" elapsed="0.000355"/>
</kw>
<kw name="Sleep" owner="BuiltIn">
<msg time="2025-07-31T20:31:52.301280" level="INFO">Slept 2 seconds.</msg>
<arg>2s</arg>
<doc>Pauses the test executed for the given time.</doc>
<status status="PASS" start="2025-07-31T20:31:50.300830" elapsed="2.000713"/>
</kw>
<doc>Configura ambiente de teste inicial</doc>
<status status="PASS" start="2025-07-31T20:31:39.856648" elapsed="12.445006"/>
</kw>
<kw name="Get Current Theme" owner="ChangeTheme">
<msg time="2025-07-31T20:31:52.381515" level="INFO">Comando ADB executado: adb -s a83af8e7 shell settings get secure ui_night_mode</msg>
<msg time="2025-07-31T20:31:52.381622" level="INFO">Tema atual: auto (código: 0)</msg>
<msg time="2025-07-31T20:31:52.381775" level="INFO">${initial_theme} = auto</msg>
<var>${initial_theme}</var>
<doc>Retorna o tema atual do sistema</doc>
<status status="PASS" start="2025-07-31T20:31:52.302156" elapsed="0.079651"/>
</kw>
<kw name="Log" owner="BuiltIn">
<msg time="2025-07-31T20:31:52.382650" level="INFO">Tema inicial: auto</msg>
<arg>Tema inicial: ${initial_theme}</arg>
<doc>Logs the given message with the given level.</doc>
<status status="PASS" start="2025-07-31T20:31:52.382425" elapsed="0.000291"/>
</kw>
<kw name="Change To Dark Theme" owner="ChangeTheme">
<msg time="2025-07-31T20:31:52.383306" level="INFO">Iniciando mudança para tema escuro via ADB</msg>
<msg time="2025-07-31T20:31:52.446787" level="INFO">Comando ADB executado: adb -s a83af8e7 shell settings get secure ui_night_mode</msg>
<msg time="2025-07-31T20:31:52.446920" level="INFO">Tema atual: 0</msg>
<msg time="2025-07-31T20:31:52.520676" level="INFO">Comando ADB executado: adb -s a83af8e7 shell cmd uimode night yes</msg>
<msg time="2025-07-31T20:31:52.520784" level="INFO">Tema dark aplicado via 'cmd uimode'</msg>
<msg time="2025-07-31T20:31:53.604801" level="INFO">Comando ADB executado: adb -s a83af8e7 shell settings get secure ui_night_mode</msg>
<msg time="2025-07-31T20:31:53.604963" level="INFO">Tema dark aplicado com sucesso (código: 2)</msg>
<msg time="2025-07-31T20:31:53.604996" level="INFO">Tema escuro aplicado com sucesso</msg>
<doc>Muda para tema escuro usando ADB</doc>
<status status="PASS" start="2025-07-31T20:31:52.383168" elapsed="1.221904"/>
</kw>
<kw name="Sleep" owner="BuiltIn">
<msg time="2025-07-31T20:31:56.606537" level="INFO">Slept 3 seconds.</msg>
<arg>${THEME_CHANGE_DELAY}s</arg>
<doc>Pauses the test executed for the given time.</doc>
<status status="PASS" start="2025-07-31T20:31:53.605960" elapsed="3.000688"/>
</kw>
<kw name="Verify Theme Change">
<kw name="Get Current Theme" owner="ChangeTheme">
<msg time="2025-07-31T20:31:56.684145" level="INFO">Comando ADB executado: adb -s a83af8e7 shell settings get secure ui_night_mode</msg>
<msg time="2025-07-31T20:31:56.684246" level="INFO">Tema atual: dark (código: 2)</msg>
<msg time="2025-07-31T20:31:56.684393" level="INFO">${current_theme} = dark</msg>
<var>${current_theme}</var>
<doc>Retorna o tema atual do sistema</doc>
<status status="PASS" start="2025-07-31T20:31:56.607687" elapsed="0.076735"/>
</kw>
<kw name="Should Be Equal As Strings" owner="BuiltIn">
<arg>${current_theme}</arg>
<arg>${expected_theme}</arg>
<doc>Fails if objects are unequal after converting them to strings.</doc>
<status status="PASS" start="2025-07-31T20:31:56.684634" elapsed="0.000316"/>
</kw>
<kw name="Log" owner="BuiltIn">
<msg time="2025-07-31T20:31:56.685215" level="INFO">Tema verificado: dark</msg>
<arg>Tema verificado: ${current_theme}</arg>
<doc>Logs the given message with the given level.</doc>
<status status="PASS" start="2025-07-31T20:31:56.685096" elapsed="0.000152"/>
</kw>
<arg>dark</arg>
<doc>Verifica se o tema foi alterado corretamente</doc>
<status status="PASS" start="2025-07-31T20:31:56.607277" elapsed="0.078027"/>
</kw>
<kw name="Capture Page Screenshot" owner="AppiumLibrary">
<msg time="2025-07-31T20:31:59.319999" level="INFO" html="true">&lt;/td&gt;&lt;/tr&gt;&lt;tr&gt;&lt;td colspan="3"&gt;&lt;a href="dark_theme_applied.png"&gt;&lt;img src="dark_theme_applied.png" width="800px"&gt;&lt;/a&gt;</msg>
<arg>dark_theme_applied.png</arg>
<doc>Takes a screenshot of the current page and embeds it into the log.</doc>
<status status="PASS" start="2025-07-31T20:31:56.685640" elapsed="2.634552"/>
</kw>
<kw name="Teardown Test Environment" type="TEARDOWN">
<kw name="Close Application" owner="AppiumLibrary">
<doc>Closes the current application and also close webdriver session.</doc>
<status status="PASS" start="2025-07-31T20:31:59.321098" elapsed="0.487338"/>
</kw>
<doc>Limpa ambiente após teste</doc>
<status status="PASS" start="2025-07-31T20:31:59.320802" elapsed="0.487891"/>
</kw>
<doc>Testa a mudança do tema do dispositivo de claro para escuro usando ADB</doc>
<tag>adb</tag>
<tag>dark_theme</tag>
<tag>fast</tag>
<tag>theme</tag>
<status status="PASS" start="2025-07-31T20:31:39.855833" elapsed="19.953443"/>
</test>
<test id="s1-t2" name="Muda Tema Para Claro Via ADB" line="64">
<kw name="Setup Test Environment" type="SETUP">
<kw name="Open Application" owner="AppiumLibrary">
<arg>${APPIUM_URL}</arg>
<arg>platformName=${PLATFORM_NAME}</arg>
<arg>deviceName=${DEVICE_NAME}</arg>
<arg>udid=${UDID}</arg>
<arg>automationName=${AUTOMATION_NAME}</arg>
<arg>appPackage=${APP_PACKAGE}</arg>
<arg>appActivity=${APP_ACTIVITY}</arg>
<arg>noReset=true</arg>
<doc>Opens a new application to given Appium server.
Capabilities of appium server, Android and iOS,
Please check https://appium.io/docs/en/2.1/cli/args/
| *Option*            | *Man.* | *Description*     |
| remote_url          | Yes    | Appium server url |
| alias               | no     | alias             |
| strict_ssl          | No     | allows you to send commands to an invalid certificate host like a self-signed one. |</doc>
<status status="PASS" start="2025-07-31T20:31:59.812382" elapsed="5.734483"/>
</kw>
<kw name="Set Device UDID" owner="ChangeTheme">
<msg time="2025-07-31T20:32:05.547384" level="INFO">UDID definido para: a83af8e7</msg>
<arg>${UDID}</arg>
<doc>Define o UDID do dispositivo dinamicamente</doc>
<status status="PASS" start="2025-07-31T20:32:05.547165" elapsed="0.000305"/>
</kw>
<kw name="Sleep" owner="BuiltIn">
<msg time="2025-07-31T20:32:07.548306" level="INFO">Slept 2 seconds.</msg>
<arg>2s</arg>
<doc>Pauses the test executed for the given time.</doc>
<status status="PASS" start="2025-07-31T20:32:05.547607" elapsed="2.000983"/>
</kw>
<doc>Configura ambiente de teste inicial</doc>
<status status="PASS" start="2025-07-31T20:31:59.811896" elapsed="7.736862"/>
</kw>
<kw name="Change To Dark Theme" owner="ChangeTheme">
<msg time="2025-07-31T20:32:07.549531" level="INFO">Iniciando mudança para tema escuro via ADB</msg>
<msg time="2025-07-31T20:32:07.619520" level="INFO">Comando ADB executado: adb -s a83af8e7 shell settings get secure ui_night_mode</msg>
<msg time="2025-07-31T20:32:07.619636" level="INFO">Tema atual: 2</msg>
<msg time="2025-07-31T20:32:07.619670" level="INFO">Dispositivo já está no tema escuro</msg>
<doc>Muda para tema escuro usando ADB</doc>
<status status="PASS" start="2025-07-31T20:32:07.549399" elapsed="0.070343"/>
</kw>
<kw name="Sleep" owner="BuiltIn">
<msg time="2025-07-31T20:32:10.620923" level="INFO">Slept 3 seconds.</msg>
<arg>${THEME_CHANGE_DELAY}s</arg>
<doc>Pauses the test executed for the given time.</doc>
<status status="PASS" start="2025-07-31T20:32:07.620272" elapsed="3.000851"/>
</kw>
<kw name="Get Current Theme" owner="ChangeTheme">
<msg time="2025-07-31T20:32:10.712389" level="INFO">Comando ADB executado: adb -s a83af8e7 shell settings get secure ui_night_mode</msg>
<msg time="2025-07-31T20:32:10.712493" level="INFO">Tema atual: dark (código: 2)</msg>
<msg time="2025-07-31T20:32:10.712655" level="INFO">${initial_theme} = dark</msg>
<var>${initial_theme}</var>
<doc>Retorna o tema atual do sistema</doc>
<status status="PASS" start="2025-07-31T20:32:10.621916" elapsed="0.090766"/>
</kw>
<kw name="Log" owner="BuiltIn">
<msg time="2025-07-31T20:32:10.713284" level="INFO">Tema inicial: dark</msg>
<arg>Tema inicial: ${initial_theme}</arg>
<doc>Logs the given message with the given level.</doc>
<status status="PASS" start="2025-07-31T20:32:10.713022" elapsed="0.000324"/>
</kw>
<kw name="Change To Light Theme" owner="ChangeTheme">
<msg time="2025-07-31T20:32:10.713670" level="INFO">Iniciando mudança para tema claro via ADB</msg>
<msg time="2025-07-31T20:32:10.784830" level="INFO">Comando ADB executado: adb -s a83af8e7 shell settings get secure ui_night_mode</msg>
<msg time="2025-07-31T20:32:10.784946" level="INFO">Tema atual: 2</msg>
<msg time="2025-07-31T20:32:11.196001" level="INFO">Comando ADB executado: adb -s a83af8e7 shell cmd uimode night no</msg>
<msg time="2025-07-31T20:32:11.196186" level="INFO">Tema light aplicado via 'cmd uimode'</msg>
<msg time="2025-07-31T20:32:12.358273" level="INFO">Comando ADB executado: adb -s a83af8e7 shell settings get secure ui_night_mode</msg>
<msg time="2025-07-31T20:32:12.358374" level="INFO">Tema light aplicado com sucesso (código: 1)</msg>
<msg time="2025-07-31T20:32:12.358414" level="INFO">Tema claro aplicado com sucesso</msg>
<doc>Muda para tema claro usando ADB</doc>
<status status="PASS" start="2025-07-31T20:32:10.713573" elapsed="1.644910"/>
</kw>
<kw name="Sleep" owner="BuiltIn">
<msg time="2025-07-31T20:32:15.359779" level="INFO">Slept 3 seconds.</msg>
<arg>${THEME_CHANGE_DELAY}s</arg>
<doc>Pauses the test executed for the given time.</doc>
<status status="PASS" start="2025-07-31T20:32:12.359068" elapsed="3.000939"/>
</kw>
<kw name="Verify Theme Change">
<kw name="Get Current Theme" owner="ChangeTheme">
<msg time="2025-07-31T20:32:15.498869" level="INFO">Comando ADB executado: adb -s a83af8e7 shell settings get secure ui_night_mode</msg>
<msg time="2025-07-31T20:32:15.499121" level="INFO">Tema atual: light (código: 1)</msg>
<msg time="2025-07-31T20:32:15.499362" level="INFO">${current_theme} = light</msg>
<var>${current_theme}</var>
<doc>Retorna o tema atual do sistema</doc>
<status status="PASS" start="2025-07-31T20:32:15.361915" elapsed="0.137487"/>
</kw>
<kw name="Should Be Equal As Strings" owner="BuiltIn">
<arg>${current_theme}</arg>
<arg>${expected_theme}</arg>
<doc>Fails if objects are unequal after converting them to strings.</doc>
<status status="PASS" start="2025-07-31T20:32:15.499647" elapsed="0.000351"/>
</kw>
<kw name="Log" owner="BuiltIn">
<msg time="2025-07-31T20:32:15.500307" level="INFO">Tema verificado: light</msg>
<arg>Tema verificado: ${current_theme}</arg>
<doc>Logs the given message with the given level.</doc>
<status status="PASS" start="2025-07-31T20:32:15.500152" elapsed="0.000219"/>
</kw>
<arg>light</arg>
<doc>Verifica se o tema foi alterado corretamente</doc>
<status status="PASS" start="2025-07-31T20:32:15.361058" elapsed="0.139399"/>
</kw>
<kw name="Capture Page Screenshot" owner="AppiumLibrary">
<msg time="2025-07-31T20:32:18.553593" level="INFO" html="true">&lt;/td&gt;&lt;/tr&gt;&lt;tr&gt;&lt;td colspan="3"&gt;&lt;a href="light_theme_applied.png"&gt;&lt;img src="light_theme_applied.png" width="800px"&gt;&lt;/a&gt;</msg>
<arg>light_theme_applied.png</arg>
<doc>Takes a screenshot of the current page and embeds it into the log.</doc>
<status status="PASS" start="2025-07-31T20:32:15.500847" elapsed="3.052875"/>
</kw>
<kw name="Teardown Test Environment" type="TEARDOWN">
<kw name="Close Application" owner="AppiumLibrary">
<doc>Closes the current application and also close webdriver session.</doc>
<status status="PASS" start="2025-07-31T20:32:18.554778" elapsed="0.675823"/>
</kw>
<doc>Limpa ambiente após teste</doc>
<status status="PASS" start="2025-07-31T20:32:18.554384" elapsed="0.676298"/>
</kw>
<doc>Testa a mudança do tema do dispositivo de escuro para claro usando ADB</doc>
<tag>adb</tag>
<tag>fast</tag>
<tag>light_theme</tag>
<tag>theme</tag>
<status status="PASS" start="2025-07-31T20:31:59.810534" elapsed="19.420431"/>
</test>
<test id="s1-t3" name="Teste Alternância de Tema" line="88">
<kw name="Setup Test Environment" type="SETUP">
<kw name="Open Application" owner="AppiumLibrary">
<arg>${APPIUM_URL}</arg>
<arg>platformName=${PLATFORM_NAME}</arg>
<arg>deviceName=${DEVICE_NAME}</arg>
<arg>udid=${UDID}</arg>
<arg>automationName=${AUTOMATION_NAME}</arg>
<arg>appPackage=${APP_PACKAGE}</arg>
<arg>appActivity=${APP_ACTIVITY}</arg>
<arg>noReset=true</arg>
<doc>Opens a new application to given Appium server.
Capabilities of appium server, Android and iOS,
Please check https://appium.io/docs/en/2.1/cli/args/
| *Option*            | *Man.* | *Description*     |
| remote_url          | Yes    | Appium server url |
| alias               | no     | alias             |
| strict_ssl          | No     | allows you to send commands to an invalid certificate host like a self-signed one. |</doc>
<status status="PASS" start="2025-07-31T20:32:19.234744" elapsed="6.937791"/>
</kw>
<kw name="Set Device UDID" owner="ChangeTheme">
<msg time="2025-07-31T20:32:26.172836" level="INFO">UDID definido para: a83af8e7</msg>
<arg>${UDID}</arg>
<doc>Define o UDID do dispositivo dinamicamente</doc>
<status status="PASS" start="2025-07-31T20:32:26.172713" elapsed="0.000158"/>
</kw>
<kw name="Sleep" owner="BuiltIn">
<msg time="2025-07-31T20:32:28.173587" level="INFO">Slept 2 seconds.</msg>
<arg>2s</arg>
<doc>Pauses the test executed for the given time.</doc>
<status status="PASS" start="2025-07-31T20:32:26.172954" elapsed="2.000796"/>
</kw>
<doc>Configura ambiente de teste inicial</doc>
<status status="PASS" start="2025-07-31T20:32:19.234471" elapsed="8.939376"/>
</kw>
<kw name="Get Current Theme" owner="ChangeTheme">
<msg time="2025-07-31T20:32:28.245254" level="INFO">Comando ADB executado: adb -s a83af8e7 shell settings get secure ui_night_mode</msg>
<msg time="2025-07-31T20:32:28.245359" level="INFO">Tema atual: light (código: 1)</msg>
<msg time="2025-07-31T20:32:28.245494" level="INFO">${initial_theme} = light</msg>
<var>${initial_theme}</var>
<doc>Retorna o tema atual do sistema</doc>
<status status="PASS" start="2025-07-31T20:32:28.174500" elapsed="0.071023"/>
</kw>
<kw name="Log" owner="BuiltIn">
<msg time="2025-07-31T20:32:28.247601" level="INFO">Tema inicial: light</msg>
<arg>Tema inicial: ${initial_theme}</arg>
<doc>Logs the given message with the given level.</doc>
<status status="PASS" start="2025-07-31T20:32:28.246862" elapsed="0.000839"/>
</kw>
<kw name="Toggle Theme" owner="ChangeTheme">
<msg time="2025-07-31T20:32:28.326339" level="INFO">Comando ADB executado: adb -s a83af8e7 shell settings get secure ui_night_mode</msg>
<msg time="2025-07-31T20:32:28.326449" level="INFO">Tema atual: light (código: 1)</msg>
<msg time="2025-07-31T20:32:28.326661" level="INFO">Iniciando mudança para tema escuro via ADB</msg>
<msg time="2025-07-31T20:32:28.395103" level="INFO">Comando ADB executado: adb -s a83af8e7 shell settings get secure ui_night_mode</msg>
<msg time="2025-07-31T20:32:28.395205" level="INFO">Tema atual: 1</msg>
<msg time="2025-07-31T20:32:28.686349" level="INFO">Comando ADB executado: adb -s a83af8e7 shell cmd uimode night yes</msg>
<msg time="2025-07-31T20:32:28.686467" level="INFO">Tema dark aplicado via 'cmd uimode'</msg>
<msg time="2025-07-31T20:32:29.769807" level="INFO">Comando ADB executado: adb -s a83af8e7 shell settings get secure ui_night_mode</msg>
<msg time="2025-07-31T20:32:29.769911" level="INFO">Tema dark aplicado com sucesso (código: 2)</msg>
<msg time="2025-07-31T20:32:29.769945" level="INFO">Tema escuro aplicado com sucesso</msg>
<msg time="2025-07-31T20:32:29.769970" level="INFO">Tema alternado com sucesso</msg>
<doc>Alterna entre tema claro e escuro</doc>
<status status="PASS" start="2025-07-31T20:32:28.248258" elapsed="1.521786"/>
</kw>
<kw name="Sleep" owner="BuiltIn">
<msg time="2025-07-31T20:32:32.772100" level="INFO">Slept 3 seconds.</msg>
<arg>${THEME_CHANGE_DELAY}s</arg>
<doc>Pauses the test executed for the given time.</doc>
<status status="PASS" start="2025-07-31T20:32:29.771106" elapsed="3.001099"/>
</kw>
<kw name="Get Current Theme" owner="ChangeTheme">
<msg time="2025-07-31T20:32:32.849655" level="INFO">Comando ADB executado: adb -s a83af8e7 shell settings get secure ui_night_mode</msg>
<msg time="2025-07-31T20:32:32.849770" level="INFO">Tema atual: dark (código: 2)</msg>
<msg time="2025-07-31T20:32:32.849901" level="INFO">${new_theme} = dark</msg>
<var>${new_theme}</var>
<doc>Retorna o tema atual do sistema</doc>
<status status="PASS" start="2025-07-31T20:32:32.772533" elapsed="0.077401"/>
</kw>
<kw name="Should Not Be Equal As Strings" owner="BuiltIn">
<arg>${initial_theme}</arg>
<arg>${new_theme}</arg>
<doc>Fails if objects are equal after converting them to strings.</doc>
<status status="PASS" start="2025-07-31T20:32:32.850774" elapsed="0.000306"/>
</kw>
<kw name="Log" owner="BuiltIn">
<msg time="2025-07-31T20:32:32.852449" level="INFO">Tema alternado de light para dark</msg>
<arg>Tema alternado de ${initial_theme} para ${new_theme}</arg>
<doc>Logs the given message with the given level.</doc>
<status status="PASS" start="2025-07-31T20:32:32.852209" elapsed="0.000289"/>
</kw>
<kw name="Toggle Theme" owner="ChangeTheme">
<msg time="2025-07-31T20:32:32.932471" level="INFO">Comando ADB executado: adb -s a83af8e7 shell settings get secure ui_night_mode</msg>
<msg time="2025-07-31T20:32:32.932584" level="INFO">Tema atual: dark (código: 2)</msg>
<msg time="2025-07-31T20:32:32.932616" level="INFO">Iniciando mudança para tema claro via ADB</msg>
<msg time="2025-07-31T20:32:33.029661" level="INFO">Comando ADB executado: adb -s a83af8e7 shell settings get secure ui_night_mode</msg>
<msg time="2025-07-31T20:32:33.029776" level="INFO">Tema atual: 2</msg>
<msg time="2025-07-31T20:32:33.215830" level="INFO">Comando ADB executado: adb -s a83af8e7 shell cmd uimode night no</msg>
<msg time="2025-07-31T20:32:33.216059" level="INFO">Tema light aplicado via 'cmd uimode'</msg>
<msg time="2025-07-31T20:32:34.416276" level="INFO">Comando ADB executado: adb -s a83af8e7 shell settings get secure ui_night_mode</msg>
<msg time="2025-07-31T20:32:34.416437" level="INFO">Tema light aplicado com sucesso (código: 1)</msg>
<msg time="2025-07-31T20:32:34.416491" level="INFO">Tema claro aplicado com sucesso</msg>
<msg time="2025-07-31T20:32:34.416530" level="INFO">Tema alternado com sucesso</msg>
<doc>Alterna entre tema claro e escuro</doc>
<status status="PASS" start="2025-07-31T20:32:32.852712" elapsed="1.563998"/>
</kw>
<kw name="Sleep" owner="BuiltIn">
<msg time="2025-07-31T20:32:37.419803" level="INFO">Slept 3 seconds.</msg>
<arg>${THEME_CHANGE_DELAY}s</arg>
<doc>Pauses the test executed for the given time.</doc>
<status status="PASS" start="2025-07-31T20:32:34.418925" elapsed="3.001040"/>
</kw>
<kw name="Get Current Theme" owner="ChangeTheme">
<msg time="2025-07-31T20:32:37.497391" level="INFO">Comando ADB executado: adb -s a83af8e7 shell settings get secure ui_night_mode</msg>
<msg time="2025-07-31T20:32:37.497494" level="INFO">Tema atual: light (código: 1)</msg>
<msg time="2025-07-31T20:32:37.497633" level="INFO">${final_theme} = light</msg>
<var>${final_theme}</var>
<doc>Retorna o tema atual do sistema</doc>
<status status="PASS" start="2025-07-31T20:32:37.420383" elapsed="0.077276"/>
</kw>
<kw name="Should Be Equal As Strings" owner="BuiltIn">
<arg>${initial_theme}</arg>
<arg>${final_theme}</arg>
<doc>Fails if objects are unequal after converting them to strings.</doc>
<status status="PASS" start="2025-07-31T20:32:37.498128" elapsed="0.000259"/>
</kw>
<kw name="Log" owner="BuiltIn">
<msg time="2025-07-31T20:32:37.498663" level="INFO">Tema retornado ao estado inicial: light</msg>
<arg>Tema retornado ao estado inicial: ${final_theme}</arg>
<doc>Logs the given message with the given level.</doc>
<status status="PASS" start="2025-07-31T20:32:37.498560" elapsed="0.000132"/>
</kw>
<kw name="Teardown Test Environment" type="TEARDOWN">
<kw name="Close Application" owner="AppiumLibrary">
<doc>Closes the current application and also close webdriver session.</doc>
<status status="PASS" start="2025-07-31T20:32:37.499084" elapsed="0.529368"/>
</kw>
<doc>Limpa ambiente após teste</doc>
<status status="PASS" start="2025-07-31T20:32:37.498913" elapsed="0.529687"/>
</kw>
<doc>Testa a alternância automática entre temas</doc>
<tag>adb</tag>
<tag>fast</tag>
<tag>theme</tag>
<tag>toggle</tag>
<status status="PASS" start="2025-07-31T20:32:19.231558" elapsed="18.797446"/>
</test>
<test id="s1-t4" name="Teste Completo de Mudança de Tema" line="116">
<kw name="Setup Test Environment" type="SETUP">
<kw name="Open Application" owner="AppiumLibrary">
<arg>${APPIUM_URL}</arg>
<arg>platformName=${PLATFORM_NAME}</arg>
<arg>deviceName=${DEVICE_NAME}</arg>
<arg>udid=${UDID}</arg>
<arg>automationName=${AUTOMATION_NAME}</arg>
<arg>appPackage=${APP_PACKAGE}</arg>
<arg>appActivity=${APP_ACTIVITY}</arg>
<arg>noReset=true</arg>
<doc>Opens a new application to given Appium server.
Capabilities of appium server, Android and iOS,
Please check https://appium.io/docs/en/2.1/cli/args/
| *Option*            | *Man.* | *Description*     |
| remote_url          | Yes    | Appium server url |
| alias               | no     | alias             |
| strict_ssl          | No     | allows you to send commands to an invalid certificate host like a self-signed one. |</doc>
<status status="PASS" start="2025-07-31T20:32:38.031287" elapsed="5.680631"/>
</kw>
<kw name="Set Device UDID" owner="ChangeTheme">
<msg time="2025-07-31T20:32:43.712632" level="INFO">UDID definido para: a83af8e7</msg>
<arg>${UDID}</arg>
<doc>Define o UDID do dispositivo dinamicamente</doc>
<status status="PASS" start="2025-07-31T20:32:43.712296" elapsed="0.000448"/>
</kw>
<kw name="Sleep" owner="BuiltIn">
<msg time="2025-07-31T20:32:45.714045" level="INFO">Slept 2 seconds.</msg>
<arg>2s</arg>
<doc>Pauses the test executed for the given time.</doc>
<status status="PASS" start="2025-07-31T20:32:43.713108" elapsed="2.001074"/>
</kw>
<doc>Configura ambiente de teste inicial</doc>
<status status="PASS" start="2025-07-31T20:32:38.030940" elapsed="7.683310"/>
</kw>
<kw name="Get Current Theme" owner="ChangeTheme">
<msg time="2025-07-31T20:32:45.790224" level="INFO">Comando ADB executado: adb -s a83af8e7 shell settings get secure ui_night_mode</msg>
<msg time="2025-07-31T20:32:45.790345" level="INFO">Tema atual: light (código: 1)</msg>
<msg time="2025-07-31T20:32:45.790475" level="INFO">${initial_theme} = light</msg>
<var>${initial_theme}</var>
<doc>Retorna o tema atual do sistema</doc>
<status status="PASS" start="2025-07-31T20:32:45.714762" elapsed="0.075742"/>
</kw>
<kw name="Log" owner="BuiltIn">
<msg time="2025-07-31T20:32:45.791458" level="INFO">Tema inicial: light</msg>
<arg>Tema inicial: ${initial_theme}</arg>
<doc>Logs the given message with the given level.</doc>
<status status="PASS" start="2025-07-31T20:32:45.791117" elapsed="0.000597"/>
</kw>
<kw name="Change To Dark Theme" owner="ChangeTheme">
<msg time="2025-07-31T20:32:45.792145" level="INFO">Iniciando mudança para tema escuro via ADB</msg>
<msg time="2025-07-31T20:32:45.869281" level="INFO">Comando ADB executado: adb -s a83af8e7 shell settings get secure ui_night_mode</msg>
<msg time="2025-07-31T20:32:45.869399" level="INFO">Tema atual: 1</msg>
<msg time="2025-07-31T20:32:46.069394" level="INFO">Comando ADB executado: adb -s a83af8e7 shell cmd uimode night yes</msg>
<msg time="2025-07-31T20:32:46.069585" level="INFO">Tema dark aplicado via 'cmd uimode'</msg>
<msg time="2025-07-31T20:32:47.194735" level="INFO">Comando ADB executado: adb -s a83af8e7 shell settings get secure ui_night_mode</msg>
<msg time="2025-07-31T20:32:47.195443" level="INFO">Tema dark aplicado com sucesso (código: 2)</msg>
<msg time="2025-07-31T20:32:47.195610" level="INFO">Tema escuro aplicado com sucesso</msg>
<doc>Muda para tema escuro usando ADB</doc>
<status status="PASS" start="2025-07-31T20:32:45.792013" elapsed="1.403680"/>
</kw>
<kw name="Sleep" owner="BuiltIn">
<msg time="2025-07-31T20:32:50.202030" level="INFO">Slept 3 seconds.</msg>
<arg>${THEME_CHANGE_DELAY}s</arg>
<doc>Pauses the test executed for the given time.</doc>
<status status="PASS" start="2025-07-31T20:32:47.201260" elapsed="3.000955"/>
</kw>
<kw name="Verify Theme Change">
<kw name="Get Current Theme" owner="ChangeTheme">
<msg time="2025-07-31T20:32:50.285516" level="INFO">Comando ADB executado: adb -s a83af8e7 shell settings get secure ui_night_mode</msg>
<msg time="2025-07-31T20:32:50.285736" level="INFO">Tema atual: dark (código: 2)</msg>
<msg time="2025-07-31T20:32:50.285913" level="INFO">${current_theme} = dark</msg>
<var>${current_theme}</var>
<doc>Retorna o tema atual do sistema</doc>
<status status="PASS" start="2025-07-31T20:32:50.203891" elapsed="0.082115"/>
</kw>
<kw name="Should Be Equal As Strings" owner="BuiltIn">
<arg>${current_theme}</arg>
<arg>${expected_theme}</arg>
<doc>Fails if objects are unequal after converting them to strings.</doc>
<status status="PASS" start="2025-07-31T20:32:50.286285" elapsed="0.000426"/>
</kw>
<kw name="Log" owner="BuiltIn">
<msg time="2025-07-31T20:32:50.287086" level="INFO">Tema verificado: dark</msg>
<arg>Tema verificado: ${current_theme}</arg>
<doc>Logs the given message with the given level.</doc>
<status status="PASS" start="2025-07-31T20:32:50.286897" elapsed="0.000256"/>
</kw>
<arg>dark</arg>
<doc>Verifica se o tema foi alterado corretamente</doc>
<status status="PASS" start="2025-07-31T20:32:50.203073" elapsed="0.084178"/>
</kw>
<kw name="Capture Page Screenshot" owner="AppiumLibrary">
<msg time="2025-07-31T20:32:52.937005" level="INFO" html="true">&lt;/td&gt;&lt;/tr&gt;&lt;tr&gt;&lt;td colspan="3"&gt;&lt;a href="step2_dark_theme.png"&gt;&lt;img src="step2_dark_theme.png" width="800px"&gt;&lt;/a&gt;</msg>
<arg>step2_dark_theme.png</arg>
<doc>Takes a screenshot of the current page and embeds it into the log.</doc>
<status status="PASS" start="2025-07-31T20:32:50.288019" elapsed="2.649182"/>
</kw>
<kw name="Change To Light Theme" owner="ChangeTheme">
<msg time="2025-07-31T20:32:52.937854" level="INFO">Iniciando mudança para tema claro via ADB</msg>
<msg time="2025-07-31T20:32:53.034805" level="INFO">Comando ADB executado: adb -s a83af8e7 shell settings get secure ui_night_mode</msg>
<msg time="2025-07-31T20:32:53.034989" level="INFO">Tema atual: 2</msg>
<msg time="2025-07-31T20:32:53.230693" level="INFO">Comando ADB executado: adb -s a83af8e7 shell cmd uimode night no</msg>
<msg time="2025-07-31T20:32:53.230786" level="INFO">Tema light aplicado via 'cmd uimode'</msg>
<msg time="2025-07-31T20:32:54.350945" level="INFO">Comando ADB executado: adb -s a83af8e7 shell settings get secure ui_night_mode</msg>
<msg time="2025-07-31T20:32:54.351053" level="INFO">Tema light aplicado com sucesso (código: 1)</msg>
<msg time="2025-07-31T20:32:54.351082" level="INFO">Tema claro aplicado com sucesso</msg>
<doc>Muda para tema claro usando ADB</doc>
<status status="PASS" start="2025-07-31T20:32:52.937639" elapsed="1.413516"/>
</kw>
<kw name="Sleep" owner="BuiltIn">
<msg time="2025-07-31T20:32:57.357253" level="INFO">Slept 3 seconds.</msg>
<arg>${THEME_CHANGE_DELAY}s</arg>
<doc>Pauses the test executed for the given time.</doc>
<status status="PASS" start="2025-07-31T20:32:54.356022" elapsed="3.001438"/>
</kw>
<kw name="Verify Theme Change">
<kw name="Get Current Theme" owner="ChangeTheme">
<msg time="2025-07-31T20:32:57.447207" level="INFO">Comando ADB executado: adb -s a83af8e7 shell settings get secure ui_night_mode</msg>
<msg time="2025-07-31T20:32:57.447341" level="INFO">Tema atual: light (código: 1)</msg>
<msg time="2025-07-31T20:32:57.447515" level="INFO">${current_theme} = light</msg>
<var>${current_theme}</var>
<doc>Retorna o tema atual do sistema</doc>
<status status="PASS" start="2025-07-31T20:32:57.359416" elapsed="0.088144"/>
</kw>
<kw name="Should Be Equal As Strings" owner="BuiltIn">
<arg>${current_theme}</arg>
<arg>${expected_theme}</arg>
<doc>Fails if objects are unequal after converting them to strings.</doc>
<status status="PASS" start="2025-07-31T20:32:57.447810" elapsed="0.000351"/>
</kw>
<kw name="Log" owner="BuiltIn">
<msg time="2025-07-31T20:32:57.448564" level="INFO">Tema verificado: light</msg>
<arg>Tema verificado: ${current_theme}</arg>
<doc>Logs the given message with the given level.</doc>
<status status="PASS" start="2025-07-31T20:32:57.448367" elapsed="0.000261"/>
</kw>
<arg>light</arg>
<doc>Verifica se o tema foi alterado corretamente</doc>
<status status="PASS" start="2025-07-31T20:32:57.358814" elapsed="0.089919"/>
</kw>
<kw name="Capture Page Screenshot" owner="AppiumLibrary">
<msg time="2025-07-31T20:32:59.928669" level="INFO" html="true">&lt;/td&gt;&lt;/tr&gt;&lt;tr&gt;&lt;td colspan="3"&gt;&lt;a href="step3_light_theme.png"&gt;&lt;img src="step3_light_theme.png" width="800px"&gt;&lt;/a&gt;</msg>
<arg>step3_light_theme.png</arg>
<doc>Takes a screenshot of the current page and embeds it into the log.</doc>
<status status="PASS" start="2025-07-31T20:32:57.449914" elapsed="2.478942"/>
</kw>
<kw name="Toggle Theme" owner="ChangeTheme">
<msg time="2025-07-31T20:33:00.009113" level="INFO">Comando ADB executado: adb -s a83af8e7 shell settings get secure ui_night_mode</msg>
<msg time="2025-07-31T20:33:00.009238" level="INFO">Tema atual: light (código: 1)</msg>
<msg time="2025-07-31T20:33:00.009287" level="INFO">Iniciando mudança para tema escuro via ADB</msg>
<msg time="2025-07-31T20:33:00.101212" level="INFO">Comando ADB executado: adb -s a83af8e7 shell settings get secure ui_night_mode</msg>
<msg time="2025-07-31T20:33:00.101306" level="INFO">Tema atual: 1</msg>
<msg time="2025-07-31T20:33:00.299173" level="INFO">Comando ADB executado: adb -s a83af8e7 shell cmd uimode night yes</msg>
<msg time="2025-07-31T20:33:00.299373" level="INFO">Tema dark aplicado via 'cmd uimode'</msg>
<msg time="2025-07-31T20:33:01.468604" level="INFO">Comando ADB executado: adb -s a83af8e7 shell settings get secure ui_night_mode</msg>
<msg time="2025-07-31T20:33:01.468716" level="INFO">Tema dark aplicado com sucesso (código: 2)</msg>
<msg time="2025-07-31T20:33:01.468745" level="INFO">Tema escuro aplicado com sucesso</msg>
<msg time="2025-07-31T20:33:01.468768" level="INFO">Tema alternado com sucesso</msg>
<doc>Alterna entre tema claro e escuro</doc>
<status status="PASS" start="2025-07-31T20:32:59.929293" elapsed="1.539541"/>
</kw>
<kw name="Sleep" owner="BuiltIn">
<msg time="2025-07-31T20:33:04.470420" level="INFO">Slept 3 seconds.</msg>
<arg>${THEME_CHANGE_DELAY}s</arg>
<doc>Pauses the test executed for the given time.</doc>
<status status="PASS" start="2025-07-31T20:33:01.469519" elapsed="3.001003"/>
</kw>
<kw name="Verify Theme Change">
<kw name="Get Current Theme" owner="ChangeTheme">
<msg time="2025-07-31T20:33:04.546913" level="INFO">Comando ADB executado: adb -s a83af8e7 shell settings get secure ui_night_mode</msg>
<msg time="2025-07-31T20:33:04.547112" level="INFO">Tema atual: dark (código: 2)</msg>
<msg time="2025-07-31T20:33:04.547245" level="INFO">${current_theme} = dark</msg>
<var>${current_theme}</var>
<doc>Retorna o tema atual do sistema</doc>
<status status="PASS" start="2025-07-31T20:33:04.471137" elapsed="0.076135"/>
</kw>
<kw name="Should Be Equal As Strings" owner="BuiltIn">
<arg>${current_theme}</arg>
<arg>${expected_theme}</arg>
<doc>Fails if objects are unequal after converting them to strings.</doc>
<status status="PASS" start="2025-07-31T20:33:04.547484" elapsed="0.000328"/>
</kw>
<kw name="Log" owner="BuiltIn">
<msg time="2025-07-31T20:33:04.548138" level="INFO">Tema verificado: dark</msg>
<arg>Tema verificado: ${current_theme}</arg>
<doc>Logs the given message with the given level.</doc>
<status status="PASS" start="2025-07-31T20:33:04.547989" elapsed="0.000187"/>
</kw>
<arg>dark</arg>
<doc>Verifica se o tema foi alterado corretamente</doc>
<status status="PASS" start="2025-07-31T20:33:04.470890" elapsed="0.077358"/>
</kw>
<kw name="Capture Page Screenshot" owner="AppiumLibrary">
<msg time="2025-07-31T20:33:07.086214" level="INFO" html="true">&lt;/td&gt;&lt;/tr&gt;&lt;tr&gt;&lt;td colspan="3"&gt;&lt;a href="step4_toggled_to_dark.png"&gt;&lt;img src="step4_toggled_to_dark.png" width="800px"&gt;&lt;/a&gt;</msg>
<arg>step4_toggled_to_dark.png</arg>
<doc>Takes a screenshot of the current page and embeds it into the log.</doc>
<status status="PASS" start="2025-07-31T20:33:04.548808" elapsed="2.537789"/>
</kw>
<kw name="Reset Theme To Auto" owner="ChangeTheme">
<msg time="2025-07-31T20:33:07.087142" level="INFO">Resetando tema para automático (modo auto)</msg>
<msg time="2025-07-31T20:33:07.179451" level="INFO">Comando ADB executado: adb -s a83af8e7 shell settings put secure ui_night_mode 0</msg>
<msg time="2025-07-31T20:33:07.179565" level="INFO">Tema resetado para automático com sucesso</msg>
<doc>Reseta o tema para automático (modo padrão do sistema)</doc>
<status status="PASS" start="2025-07-31T20:33:07.086991" elapsed="0.092663"/>
</kw>
<kw name="Sleep" owner="BuiltIn">
<msg time="2025-07-31T20:33:10.180958" level="INFO">Slept 3 seconds.</msg>
<arg>${THEME_CHANGE_DELAY}s</arg>
<doc>Pauses the test executed for the given time.</doc>
<status status="PASS" start="2025-07-31T20:33:07.180077" elapsed="3.001108"/>
</kw>
<kw name="Get Current Theme" owner="ChangeTheme">
<msg time="2025-07-31T20:33:10.267777" level="INFO">Comando ADB executado: adb -s a83af8e7 shell settings get secure ui_night_mode</msg>
<msg time="2025-07-31T20:33:10.267929" level="INFO">Tema atual: auto (código: 0)</msg>
<msg time="2025-07-31T20:33:10.268198" level="INFO">${final_theme} = auto</msg>
<var>${final_theme}</var>
<doc>Retorna o tema atual do sistema</doc>
<status status="PASS" start="2025-07-31T20:33:10.182486" elapsed="0.085785"/>
</kw>
<kw name="Should Be Equal As Strings" owner="BuiltIn">
<arg>${final_theme}</arg>
<arg>auto</arg>
<doc>Fails if objects are unequal after converting them to strings.</doc>
<status status="PASS" start="2025-07-31T20:33:10.269573" elapsed="0.000333"/>
</kw>
<kw name="Log" owner="BuiltIn">
<msg time="2025-07-31T20:33:10.270421" level="INFO">Tema resetado para automático</msg>
<arg>Tema resetado para automático</arg>
<doc>Logs the given message with the given level.</doc>
<status status="PASS" start="2025-07-31T20:33:10.270264" elapsed="0.000397"/>
</kw>
<kw name="Capture Page Screenshot" owner="AppiumLibrary">
<msg time="2025-07-31T20:33:12.791415" level="INFO" html="true">&lt;/td&gt;&lt;/tr&gt;&lt;tr&gt;&lt;td colspan="3"&gt;&lt;a href="step5_auto_theme.png"&gt;&lt;img src="step5_auto_theme.png" width="800px"&gt;&lt;/a&gt;</msg>
<arg>step5_auto_theme.png</arg>
<doc>Takes a screenshot of the current page and embeds it into the log.</doc>
<status status="PASS" start="2025-07-31T20:33:10.270879" elapsed="2.520776"/>
</kw>
<kw name="Reset Theme To Auto" owner="ChangeTheme" type="TEARDOWN">
<msg time="2025-07-31T20:33:12.792702" level="INFO">Resetando tema para automático (modo auto)</msg>
<msg time="2025-07-31T20:33:12.874465" level="INFO">Comando ADB executado: adb -s a83af8e7 shell settings put secure ui_night_mode 0</msg>
<msg time="2025-07-31T20:33:12.874565" level="INFO">Tema resetado para automático com sucesso</msg>
<doc>Reseta o tema para automático (modo padrão do sistema)</doc>
<status status="PASS" start="2025-07-31T20:33:12.792530" elapsed="0.082101"/>
</kw>
<doc>Teste completo que verifica todas as funcionalidades de tema</doc>
<tag>adb</tag>
<tag>complete</tag>
<tag>regression</tag>
<tag>theme</tag>
<status status="PASS" start="2025-07-31T20:32:38.029974" elapsed="34.846631"/>
</test>
<status status="PASS" start="2025-07-31T20:31:39.501002" elapsed="93.376384"/>
</suite>
<statistics>
<total>
<stat pass="4" fail="0" skip="0">All Tests</stat>
</total>
<tag>
<stat pass="4" fail="0" skip="0">adb</stat>
<stat pass="1" fail="0" skip="0">complete</stat>
<stat pass="1" fail="0" skip="0">dark_theme</stat>
<stat pass="3" fail="0" skip="0">fast</stat>
<stat pass="1" fail="0" skip="0">light_theme</stat>
<stat pass="1" fail="0" skip="0">regression</stat>
<stat pass="4" fail="0" skip="0">theme</stat>
<stat pass="1" fail="0" skip="0">toggle</stat>
</tag>
<suite>
<stat name="Teste" id="s1" pass="4" fail="0" skip="0">Teste</stat>
</suite>
</statistics>
<errors>
</errors>
</robot>
