<?xml version="1.0" encoding="UTF-8"?>
<robot generator="Robot 7.2.2 (Python 3.13.2 on win32)" generated="2025-03-31T15:32:16.662221" rpa="false" schemaversion="5">
<suite id="s1" name="Click" source="D:\QAx\projects\appium-qax\yodapp-robot\testes\click.robot">
<test id="s1-t1" name="Teste de clique simples" line="10">
<kw name="Start session" owner="base">
<kw name="Open Application" owner="AppiumLibrary">
<kw name="Capture Page Screenshot" owner="AppiumLibrary">
<doc>Takes a screenshot of the current page and embeds it into the log.</doc>
<status status="FAIL" start="2025-03-31T15:32:37.741851" elapsed="0.000282">Execution terminated by signal</status>
</kw>
<msg time="2025-03-31T15:32:37.743361" level="WARN">Keyword 'Capture Page Screenshot' could not be run on failure: Execution terminated by signal</msg>
<arg>http://localhost:4723</arg>
<arg>platformName=Android</arg>
<arg>deviceName=Android Emulator</arg>
<arg>automationName=UIAutomator2</arg>
<arg>app=${EXECDIR}/app/yodapp-beta.apk</arg>
<arg>uid=emulator-5554</arg>
<arg>autoGrantPermissions=true</arg>
<doc>Opens a new application to given Appium server.
Capabilities of appium server, Android and iOS,
Please check https://appium.io/docs/en/2.1/cli/args/
| *Option*            | *Man.* | *Description*     |
| remote_url          | Yes    | Appium server url |
| alias               | no     | alias             |
| strict_ssl          | No     | allows you to send commands to an invalid certificate host like a self-signed one. |</doc>
<status status="FAIL" start="2025-03-31T15:32:17.048384" elapsed="20.695615">Execution terminated by signal</status>
</kw>
<status status="FAIL" start="2025-03-31T15:32:17.047720" elapsed="20.696562">Execution terminated by signal</status>
</kw>
<kw name="Get started" owner="base">
<status status="NOT RUN" start="2025-03-31T15:32:37.744701" elapsed="0.000048"/>
</kw>
<kw name="Navigate to" owner="base">
<arg>Clique em Botões</arg>
<status status="NOT RUN" start="2025-03-31T15:32:37.745129" elapsed="0.000039"/>
</kw>
<kw name="Go to item" owner="base">
<arg>Clique simples</arg>
<arg>Botão clique simples</arg>
<status status="NOT RUN" start="2025-03-31T15:32:37.745626" elapsed="0.000072"/>
</kw>
<kw name="Click Text" owner="AppiumLibrary">
<arg>CLIQUE SIMPLES</arg>
<doc>Click text identified by ``text``.</doc>
<status status="NOT RUN" start="2025-03-31T15:32:37.746098" elapsed="0.000034"/>
</kw>
<kw name="Wait Until Page Contains" owner="AppiumLibrary">
<arg>Isso é um clique simples</arg>
<doc>Waits until `text` appears on current page.</doc>
<status status="NOT RUN" start="2025-03-31T15:32:37.746426" elapsed="0.000036"/>
</kw>
<kw name="Close session" owner="base">
<status status="NOT RUN" start="2025-03-31T15:32:37.746686" elapsed="0.000025"/>
</kw>
<status status="FAIL" start="2025-03-31T15:32:17.046738" elapsed="20.700416">Execution terminated by signal</status>
</test>
<test id="s1-t2" name="Teste de clique longo" line="21">
<tag>long</tag>
<tag>robot:exit</tag>
<status status="FAIL" start="2025-03-31T15:32:37.747965" elapsed="0.000601">Test execution stopped due to a fatal error.</status>
</test>
<status status="FAIL" start="2025-03-31T15:32:16.673524" elapsed="21.076149"/>
</suite>
<statistics>
<total>
<stat pass="0" fail="2" skip="0">All Tests</stat>
</total>
<tag>
<stat info="combined" combined="NOT robot:exit" pass="0" fail="1" skip="0">NOT robot:exit</stat>
<stat pass="0" fail="1" skip="0">long</stat>
</tag>
<suite>
<stat name="Click" id="s1" pass="0" fail="2" skip="0">Click</stat>
</suite>
</statistics>
<errors>
<msg time="2025-03-31T15:32:37.743361" level="WARN">Keyword 'Capture Page Screenshot' could not be run on failure: Execution terminated by signal</msg>
</errors>
</robot>
