<?xml version="1.0" encoding="UTF-8"?>
<robot generator="Robot 7.2.2 (Python 3.13.2 on win32)" generated="2025-05-11T22:57:00.815270" rpa="false" schemaversion="5">
<suite id="s1" name="Clickelement" source="D:\QAx\projects\appium-qax\yodapp-robot\testes\clickelement.robot">
<test id="s1-t1" name="Click Element At Specific Coordinates" line="7">
<kw name="Start session" owner="base">
<kw name="Open Application" owner="AppiumLibrary">
<arg>http://localhost:4723</arg>
<arg>platformName=Android</arg>
<arg>deviceName=Android Emulator</arg>
<arg>automationName=UIAutomator2</arg>
<arg>appium:noReset=true</arg>
<doc>Opens a new application to given Appium server.
Capabilities of appium server, Android and iOS,
Please check https://appium.io/docs/en/2.1/cli/args/
| *Option*            | *Man.* | *Description*     |
| remote_url          | Yes    | Appium server url |
| alias               | no     | alias             |
| strict_ssl          | No     | allows you to send commands to an invalid certificate host like a self-signed one. |</doc>
<status status="PASS" start="2025-05-11T22:57:01.011575" elapsed="8.043047"/>
</kw>
<status status="PASS" start="2025-05-11T22:57:01.010512" elapsed="8.044302"/>
</kw>
<kw name="ClickC" owner="Appiumclick">
<msg time="2025-05-11T22:57:09.190367" level="INFO">Clicked at coordinates (524, 1816)</msg>
<arg>524</arg>
<arg>1816</arg>
<status status="PASS" start="2025-05-11T22:57:09.055291" elapsed="0.135230"/>
</kw>
<kw name="Close session" owner="base">
<kw name="Close Application" owner="AppiumLibrary">
<doc>Closes the current application and also close webdriver session.</doc>
<status status="PASS" start="2025-05-11T22:57:09.191491" elapsed="1.624898"/>
</kw>
<status status="PASS" start="2025-05-11T22:57:09.191075" elapsed="1.625455"/>
</kw>
<tag>android</tag>
<status status="PASS" start="2025-05-11T22:57:01.009285" elapsed="9.807729"/>
</test>
<status status="PASS" start="2025-05-11T22:57:00.816810" elapsed="10.001598"/>
</suite>
<statistics>
<total>
<stat pass="1" fail="0" skip="0">All Tests</stat>
</total>
<tag>
<stat pass="1" fail="0" skip="0">android</stat>
</tag>
<suite>
<stat name="Clickelement" id="s1" pass="1" fail="0" skip="0">Clickelement</stat>
</suite>
</statistics>
<errors>
</errors>
</robot>
