<?xml version="1.0" encoding="UTF-8"?>
<robot generator="Robot 7.2.2 (Python 3.13.2 on win32)" generated="2025-04-03T22:08:01.625457" rpa="false" schemaversion="5">
<suite id="s1" name="Click" source="C:\QAx\projects\yodapp-robot\tests\click.robot">
<test id="s1-t1" name="Deve realizar um clique longo" line="18">
<kw name="Start session" owner="base">
<kw name="Open Application" owner="AppiumLibrary">
<arg>http://localhost:4723</arg>
<arg>platformName=Android</arg>
<arg>deviceName=Android Emulator</arg>
<arg>automationName=UIAutomator2</arg>
<arg>app=${EXECDIR}/app/yodapp-beta.apk</arg>
<arg>uid=emulator-5554</arg>
<arg>autoGrantPermissions=true</arg>
<doc>Opens a new application to given Appium server.
Capabilities of appium server, Android and iOS,
Please check https://appium.io/docs/en/2.1/cli/args/
| *Option*            | *Man.* | *Description*     |
| remote_url          | Yes    | Appium server url |
| alias               | no     | alias             |
| strict_ssl          | No     | allows you to send commands to an invalid certificate host like a self-signed one. |</doc>
<status status="PASS" start="2025-04-03T22:08:01.903355" elapsed="13.183694"/>
</kw>
<status status="PASS" start="2025-04-03T22:08:01.902366" elapsed="13.185223"/>
</kw>
<kw name="Get Started" owner="base">
<kw name="Wait Until Page Contains" owner="AppiumLibrary">
<arg>${START}</arg>
<doc>Waits until `text` appears on current page.</doc>
<status status="PASS" start="2025-04-03T22:08:15.089945" elapsed="4.122456"/>
</kw>
<kw name="Click Text" owner="AppiumLibrary">
<msg time="2025-04-03T22:08:21.367178" level="INFO">xpath criteria: //*[contains(@text,"QAX")]</msg>
<arg>${START}</arg>
<doc>Click text identified by ``text``.</doc>
<status status="PASS" start="2025-04-03T22:08:19.212783" elapsed="2.154720"/>
</kw>
<status status="PASS" start="2025-04-03T22:08:15.088660" elapsed="6.279166"/>
</kw>
<kw name="Navigate to" owner="base">
<kw name="Set Variable" owner="BuiltIn">
<msg time="2025-04-03T22:08:21.369898" level="INFO">${hamburguer} = xpath=//android.widget.ImageButton[@content-desc="Open navigation drawer"]</msg>
<var>${hamburguer}</var>
<arg>xpath=//android.widget.ImageButton[@content-desc="Open navigation drawer"]</arg>
<doc>Returns the given values which can then be assigned to a variables.</doc>
<status status="PASS" start="2025-04-03T22:08:21.369543" elapsed="0.000426"/>
</kw>
<kw name="Wait Until Element Is Visible" owner="AppiumLibrary">
<msg time="2025-04-03T22:08:22.690959" level="INFO">xpath criteria: //android.widget.ImageButton[@content-desc="Open navigation drawer"]
xpath criteria: //android.widget.ImageButton[@content-desc="Open navigation drawer"]</msg>
<arg>${hamburguer}</arg>
<doc>Waits until element specified with `locator` is visible.</doc>
<status status="PASS" start="2025-04-03T22:08:21.370189" elapsed="1.320857"/>
</kw>
<kw name="Click Element" owner="AppiumLibrary">
<msg time="2025-04-03T22:08:22.692135" level="INFO">Clicking element 'xpath=//android.widget.ImageButton[@content-desc="Open navigation drawer"]'.</msg>
<msg time="2025-04-03T22:08:22.852017" level="INFO">xpath criteria: //android.widget.ImageButton[@content-desc="Open navigation drawer"]</msg>
<arg>${hamburguer}</arg>
<doc>Click element identified by `locator`.</doc>
<status status="PASS" start="2025-04-03T22:08:22.691186" elapsed="0.161156"/>
</kw>
<kw name="Set Variable" owner="BuiltIn">
<msg time="2025-04-03T22:08:22.852966" level="INFO">${menu_item} = xpath=//*[@resource-id="com.qaxperience.yodapp:id/navView"]//*[@text="Clique em Botões"]</msg>
<var>${menu_item}</var>
<arg>xpath=//*[@resource-id="com.qaxperience.yodapp:id/navView"]//*[@text="${item_text}"]</arg>
<doc>Returns the given values which can then be assigned to a variables.</doc>
<status status="PASS" start="2025-04-03T22:08:22.852649" elapsed="0.000352"/>
</kw>
<kw name="Wait Until Element Is Visible" owner="AppiumLibrary">
<msg time="2025-04-03T22:08:23.935097" level="INFO">xpath criteria: //*[@resource-id="com.qaxperience.yodapp:id/navView"]//*[@text="Clique em Botões"]</msg>
<arg>${menu_item}</arg>
<doc>Waits until element specified with `locator` is visible.</doc>
<status status="PASS" start="2025-04-03T22:08:22.853136" elapsed="1.082070"/>
</kw>
<kw name="Click Element" owner="AppiumLibrary">
<msg time="2025-04-03T22:08:23.936286" level="INFO">Clicking element 'xpath=//*[@resource-id="com.qaxperience.yodapp:id/navView"]//*[@text="Clique em Botões"]'.</msg>
<msg time="2025-04-03T22:08:24.199135" level="INFO">xpath criteria: //*[@resource-id="com.qaxperience.yodapp:id/navView"]//*[@text="Clique em Botões"]</msg>
<arg>${menu_item}</arg>
<doc>Click element identified by `locator`.</doc>
<status status="PASS" start="2025-04-03T22:08:23.935346" elapsed="0.264194"/>
</kw>
<arg>Clique em Botões</arg>
<status status="PASS" start="2025-04-03T22:08:21.368596" elapsed="2.831236"/>
</kw>
<kw name="Go to item" owner="base">
<kw name="Wait Until Page Contains" owner="AppiumLibrary">
<arg>${item}</arg>
<doc>Waits until `text` appears on current page.</doc>
<status status="PASS" start="2025-04-03T22:08:24.201524" elapsed="0.935699"/>
</kw>
<kw name="Click Text" owner="AppiumLibrary">
<msg time="2025-04-03T22:08:27.032047" level="INFO">xpath criteria: //*[contains(@text,"Clique longo")]</msg>
<arg>${item}</arg>
<doc>Click text identified by ``text``.</doc>
<status status="PASS" start="2025-04-03T22:08:25.137437" elapsed="1.894774"/>
</kw>
<kw name="Wait Until Page Contains" owner="AppiumLibrary">
<arg>${checkpoint}</arg>
<doc>Waits until `text` appears on current page.</doc>
<status status="PASS" start="2025-04-03T22:08:27.032536" elapsed="0.085984"/>
</kw>
<arg>Clique longo</arg>
<arg>Botão clique longo</arg>
<status status="PASS" start="2025-04-03T22:08:24.200677" elapsed="2.918080"/>
</kw>
<kw name="Set Variable" owner="BuiltIn">
<msg time="2025-04-03T22:08:27.119827" level="INFO">${locator} = id=com.qaxperience.yodapp:id/long_click</msg>
<var>${locator}</var>
<arg>id=com.qaxperience.yodapp:id/long_click</arg>
<doc>Returns the given values which can then be assigned to a variables.</doc>
<status status="PASS" start="2025-04-03T22:08:27.119403" elapsed="0.000508"/>
</kw>
<kw name="Clique longo" owner="AppiumLongPressExtensions">
<arg>${locator}</arg>
<arg>duration=1000</arg>
<doc>Realiza um clique longo no elemento especificado</doc>
<status status="PASS" start="2025-04-03T22:08:27.120502" elapsed="1.441768"/>
</kw>
<kw name="Wait Until Page Contains" owner="AppiumLibrary">
<arg>Isso é um clique longo</arg>
<doc>Waits until `text` appears on current page.</doc>
<status status="PASS" start="2025-04-03T22:08:28.563106" elapsed="0.150628"/>
</kw>
<kw name="Close session" owner="base">
<kw name="Sleep" owner="BuiltIn">
<msg time="2025-04-03T22:08:33.716598" level="INFO">Slept 5 seconds.</msg>
<arg>5</arg>
<doc>Pauses the test executed for the given time.</doc>
<status status="PASS" start="2025-04-03T22:08:28.715048" elapsed="5.001672"/>
</kw>
<kw name="Close Application" owner="AppiumLibrary">
<doc>Closes the current application and also close webdriver session.</doc>
<status status="PASS" start="2025-04-03T22:08:33.716889" elapsed="0.504635"/>
</kw>
<status status="PASS" start="2025-04-03T22:08:28.714524" elapsed="5.507117"/>
</kw>
<tag>long</tag>
<status status="PASS" start="2025-04-03T22:08:01.901016" elapsed="32.320892"/>
</test>
<status status="PASS" start="2025-04-03T22:08:01.626971" elapsed="32.595801"/>
</suite>
<statistics>
<total>
<stat pass="1" fail="0" skip="0">All Tests</stat>
</total>
<tag>
<stat pass="1" fail="0" skip="0">long</stat>
</tag>
<suite>
<stat name="Click" id="s1" pass="1" fail="0" skip="0">Click</stat>
</suite>
</statistics>
<errors>
</errors>
</robot>
