<?xml version="1.0" encoding="UTF-8"?>
<robot generator="Robot 7.2.2 (Python 3.13.2 on win32)" generated="2025-04-12T09:52:46.406951" rpa="false" schemaversion="5">
<suite id="s1" name="Testsdalong" source="d:\QAx\projects\appium-qax\yodapp-robot\testes\testsdalong.robot">
<test id="s1-t1" name="Teste de clique longo" line="33">
<kw name="Start session 2" owner="base">
<kw name="Open Application" owner="AppiumLibrary">
<msg time="2025-04-12T09:52:50.987914" level="WARN">Retrying (Retry(total=2, connect=None, read=None, redirect=None, status=None)) after connection broken by 'NewConnectionError('&lt;urllib3.connection.HTTPConnection object at 0x000001D3D5498EC0&gt;: Failed to establish a new connection: [WinError 10061] Nenhuma conexão pôde ser feita porque a máquina de destino as recusou ativamente')': /session</msg>
<msg time="2025-04-12T09:52:55.063781" level="WARN">Retrying (Retry(total=1, connect=None, read=None, redirect=None, status=None)) after connection broken by 'NewConnectionError('&lt;urllib3.connection.HTTPConnection object at 0x000001D3D5491450&gt;: Failed to establish a new connection: [WinError 10061] Nenhuma conexão pôde ser feita porque a máquina de destino as recusou ativamente')': /session</msg>
<msg time="2025-04-12T09:52:59.138884" level="WARN">Retrying (Retry(total=0, connect=None, read=None, redirect=None, status=None)) after connection broken by 'NewConnectionError('&lt;urllib3.connection.HTTPConnection object at 0x000001D3D54916D0&gt;: Failed to establish a new connection: [WinError 10061] Nenhuma conexão pôde ser feita porque a máquina de destino as recusou ativamente')': /session</msg>
<kw name="Capture Page Screenshot" owner="AppiumLibrary">
<msg time="2025-04-12T09:53:03.231313" level="FAIL">No application is open</msg>
<doc>Takes a screenshot of the current page and embeds it into the log.</doc>
<status status="FAIL" start="2025-04-12T09:53:03.229852" elapsed="0.037698">No application is open</status>
</kw>
<msg time="2025-04-12T09:53:03.270115" level="WARN">Keyword 'Capture Page Screenshot' could not be run on failure: No application is open</msg>
<msg time="2025-04-12T09:53:03.345864" level="FAIL">MaxRetryError: HTTPConnectionPool(host='localhost', port=4723): Max retries exceeded with url: /session (Caused by NewConnectionError('&lt;urllib3.connection.HTTPConnection object at 0x000001D3D547E190&gt;: Failed to establish a new connection: [WinError 10061] Nenhuma conexão pôde ser feita porque a máquina de destino as recusou ativamente'))</msg>
<arg>http://localhost:4723</arg>
<arg>automationName=UIAutomator2</arg>
<arg>platformName=Android</arg>
<arg>DeviceName=Emulator</arg>
<arg>udid=emulator-5554</arg>
<arg>autoGrantPermissions=true</arg>
<arg>app=${EXECDIR}/app/yodapp-beta.apk</arg>
<doc>Opens a new application to given Appium server.
Capabilities of appium server, Android and iOS,
Please check https://appium.io/docs/en/2.1/cli/args/
| *Option*            | *Man.* | *Description*     |
| remote_url          | Yes    | Appium server url |
| alias               | no     | alias             |
| strict_ssl          | No     | allows you to send commands to an invalid certificate host like a self-signed one. |</doc>
<status status="FAIL" start="2025-04-12T09:52:46.784591" elapsed="16.573382">MaxRetryError: HTTPConnectionPool(host='localhost', port=4723): Max retries exceeded with url: /session (Caused by NewConnectionError('&lt;urllib3.connection.HTTPConnection object at 0x000001D3D547E190&gt;: Failed to establish a new connection: [WinError 10061] Nenhuma conexão pôde ser feita porque a máquina de destino as recusou ativamente'))</status>
</kw>
<status status="FAIL" start="2025-04-12T09:52:46.782132" elapsed="16.576468">MaxRetryError: HTTPConnectionPool(host='localhost', port=4723): Max retries exceeded with url: /session (Caused by NewConnectionError('&lt;urllib3.connection.HTTPConnection object at 0x000001D3D547E190&gt;: Failed to establish a new connection: [WinError 10061] Nenhuma conexão pôde ser feita porque a máquina de destino as recusou ativamente'))</status>
</kw>
<kw name="Get started" owner="base">
<status status="NOT RUN" start="2025-04-12T09:53:03.359508" elapsed="0.000304"/>
</kw>
<kw name="Navigate to" owner="base">
<arg>Clique em Botões</arg>
<status status="NOT RUN" start="2025-04-12T09:53:03.361048" elapsed="0.000397"/>
</kw>
<kw name="Go to item" owner="base">
<arg>Clique longo</arg>
<arg>Botão clique longo</arg>
<status status="NOT RUN" start="2025-04-12T09:53:03.362379" elapsed="0.000648"/>
</kw>
<kw name="LongP" owner="AppiumLongPressExtensions">
<arg>id=com.qaxperience.yodapp:id/long_click</arg>
<arg>8000</arg>
<status status="NOT RUN" start="2025-04-12T09:53:03.365461" elapsed="0.000344"/>
</kw>
<kw name="Wait Until Page Contains" owner="AppiumLibrary">
<arg>Isso é um clique longo</arg>
<doc>Waits until `text` appears on current page.</doc>
<status status="NOT RUN" start="2025-04-12T09:53:03.378834" elapsed="0.002427"/>
</kw>
<kw name="Capture Page Screenshot" owner="AppiumLibrary">
<doc>Takes a screenshot of the current page and embeds it into the log.</doc>
<status status="NOT RUN" start="2025-04-12T09:53:03.384448" elapsed="0.000283"/>
</kw>
<kw name="Close session" owner="base">
<status status="NOT RUN" start="2025-04-12T09:53:03.385948" elapsed="0.000357"/>
</kw>
<tag>long</tag>
<status status="FAIL" start="2025-04-12T09:52:46.780231" elapsed="16.607257">MaxRetryError: HTTPConnectionPool(host='localhost', port=4723): Max retries exceeded with url: /session (Caused by NewConnectionError('&lt;urllib3.connection.HTTPConnection object at 0x000001D3D547E190&gt;: Failed to establish a new connection: [WinError 10061] Nenhuma conexão pôde ser feita porque a máquina de destino as recusou ativamente'))</status>
</test>
<status status="FAIL" start="2025-04-12T09:52:46.419584" elapsed="16.970923"/>
</suite>
<statistics>
<total>
<stat pass="0" fail="1" skip="0">All Tests</stat>
</total>
<tag>
<stat pass="0" fail="1" skip="0">long</stat>
</tag>
<suite>
<stat name="Testsdalong" id="s1" pass="0" fail="1" skip="0">Testsdalong</stat>
</suite>
</statistics>
<errors>
<msg time="2025-04-12T09:52:50.987914" level="WARN">Retrying (Retry(total=2, connect=None, read=None, redirect=None, status=None)) after connection broken by 'NewConnectionError('&lt;urllib3.connection.HTTPConnection object at 0x000001D3D5498EC0&gt;: Failed to establish a new connection: [WinError 10061] Nenhuma conexão pôde ser feita porque a máquina de destino as recusou ativamente')': /session</msg>
<msg time="2025-04-12T09:52:55.063781" level="WARN">Retrying (Retry(total=1, connect=None, read=None, redirect=None, status=None)) after connection broken by 'NewConnectionError('&lt;urllib3.connection.HTTPConnection object at 0x000001D3D5491450&gt;: Failed to establish a new connection: [WinError 10061] Nenhuma conexão pôde ser feita porque a máquina de destino as recusou ativamente')': /session</msg>
<msg time="2025-04-12T09:52:59.138884" level="WARN">Retrying (Retry(total=0, connect=None, read=None, redirect=None, status=None)) after connection broken by 'NewConnectionError('&lt;urllib3.connection.HTTPConnection object at 0x000001D3D54916D0&gt;: Failed to establish a new connection: [WinError 10061] Nenhuma conexão pôde ser feita porque a máquina de destino as recusou ativamente')': /session</msg>
<msg time="2025-04-12T09:53:03.270115" level="WARN">Keyword 'Capture Page Screenshot' could not be run on failure: No application is open</msg>
</errors>
</robot>
